This is pdfTeX, Version 3.1415926-1.40.10 (MiKTeX 2.8) (preloaded format=pdflatex 2009.11.12)  10 FEB 2010 16:52
entering extended mode
**developmentDocs
(C:\overture\trunk\documentation\developmentDocs\developmentDocs.tex
LaTeX2e <2009/09/24>
Babel <v3.8l> and hyphenation patterns for english, dumylang, nohyphenation, ge
rman, ngerman, german-x-2009-06-19, ngerman-x-2009-06-19, french, loaded.
(C:\overture\trunk\documentation\developmentDocs\overturerep.cls

LaTeX Warning: You have requested document class `overturerep',
               but the document class provides `overture'.

Document Class: overture 2009/02/09 v1.0 Overture TechReport class
("C:\Program Files\MiKTeX 2.8\tex\latex\graphics\graphics.sty"
Package: graphics 2009/02/05 v1.0o Standard LaTeX Graphics (DPC,SPQR)

("C:\Program Files\MiKTeX 2.8\tex\latex\graphics\trig.sty"
Package: trig 1999/03/16 v1.09 sin cos tan (DPC)
)
("C:\Program Files\MiKTeX 2.8\tex\latex\00miktex\graphics.cfg"
File: graphics.cfg 2007/01/18 v1.5 graphics configuration of teTeX/TeXLive
)
Package graphics Info: Driver file: pdftex.def on input line 91.

("C:\Program Files\MiKTeX 2.8\tex\latex\pdftex-def\pdftex.def"
File: pdftex.def 2009/08/25 v0.04m Graphics/color for pdfTeX
\Gread@gobject=\count79
))
("C:\Program Files\MiKTeX 2.8\tex\latex\base\book.cls"
Document Class: book 2007/10/19 v1.4h Standard LaTeX document class
("C:\Program Files\MiKTeX 2.8\tex\latex\base\bk12.clo"
File: bk12.clo 2007/10/19 v1.4h Standard LaTeX file (size option)
)
\c@part=\count80
\c@chapter=\count81
\c@section=\count82
\c@subsection=\count83
\c@subsubsection=\count84
\c@paragraph=\count85
\c@subparagraph=\count86
\c@figure=\count87
\c@table=\count88
\abovecaptionskip=\skip41
\belowcaptionskip=\skip42
\bibindent=\dimen102
)
\@tpfootins=\insert233
)
("C:\Program Files\MiKTeX 2.8\tex\latex\psnfss\times.sty"
Package: times 2005/04/12 PSNFSS-v9.2a (SPQR) 
)
(C:\overture\trunk\documentation\developmentDocs\listings.sty
Package: listings 2003/06/21 1.1 (Carsten Heinz)

("C:\Program Files\MiKTeX 2.8\tex\latex\graphics\keyval.sty"
Package: keyval 1999/03/16 v1.13 key=value parser (DPC)
\KV@toks@=\toks14
)
\lst@mode=\count89
\lst@gtempboxa=\box26
\lst@token=\toks15
\lst@length=\count90
\lst@currlwidth=\dimen103
\lst@column=\count91
\lst@pos=\count92
\lst@lostspace=\dimen104
\lst@width=\dimen105
\lst@newlines=\count93
\lst@lineno=\count94
\c@lstlisting=\count95
\lst@maxwidth=\dimen106

(C:\overture\trunk\documentation\developmentDocs\lstpatch.sty
File: lstpatch.sty 2003/08/13 1.1c (Carsten Heinz)
)
(C:\overture\trunk\documentation\developmentDocs\lstmisc.sty
File: lstmisc.sty 2003/06/21 1.1 (Carsten Heinz)
\c@lstnumber=\count96
\lst@skipnumbers=\count97
\lst@framebox=\box27
)
("C:\Program Files\MiKTeX 2.8\tex\latex\listings\listings.cfg"
File: listings.cfg 2007/02/22 1.4 listings configuration
))
("C:\Program Files\MiKTeX 2.8\tex\latex\graphics\color.sty"
Package: color 2005/11/14 v1.0j Standard LaTeX Color (DPC)

("C:\Program Files\MiKTeX 2.8\tex\latex\00miktex\color.cfg"
File: color.cfg 2007/01/18 v1.5 color configuration of teTeX/TeXLive
)
Package color Info: Driver file: pdftex.def on input line 130.

("C:\Program Files\MiKTeX 2.8\tex\latex\graphics\dvipsnam.def"
File: dvipsnam.def 1999/02/16 v3.0i Driver-dependant file (DPC,SPQR)
))
("C:\Program Files\MiKTeX 2.8\tex\latex\graphics\graphicx.sty"
Package: graphicx 1999/02/16 v1.0f Enhanced LaTeX Graphics (DPC,SPQR)
\Gin@req@height=\dimen107
\Gin@req@width=\dimen108
)
("C:\Program Files\MiKTeX 2.8\tex\latex\base\latexsym.sty"
Package: latexsym 1998/08/17 v2.2e Standard LaTeX package (lasy symbols)
\symlasy=\mathgroup4
LaTeX Font Info:    Overwriting symbol font `lasy' in version `bold'
(Font)                  U/lasy/m/n --> U/lasy/b/n on input line 47.
)
("C:\Program Files\MiKTeX 2.8\tex\latex\tools\longtable.sty"
Package: longtable 2004/02/01 v4.11 Multi-page Table package (DPC)
\LTleft=\skip43
\LTright=\skip44
\LTpre=\skip45
\LTpost=\skip46
\LTchunksize=\count98
\LTcapwidth=\dimen109
\LT@head=\box28
\LT@firsthead=\box29
\LT@foot=\box30
\LT@lastfoot=\box31
\LT@cols=\count99
\LT@rows=\count100
\c@LT@tables=\count101
\c@LT@chunks=\count102
\LT@p@ftn=\toks16
)
("C:\Program Files\MiKTeX 2.8\tex\latex\hyperref\hyperref.sty"
Package: hyperref 2009/10/19 v6.79b Hypertext links for LaTeX

("C:\Program Files\MiKTeX 2.8\tex\generic\oberdiek\ifpdf.sty"
Package: ifpdf 2009/04/10 v2.0 Provides the ifpdf switch (HO)
Package ifpdf Info: pdfTeX in pdf mode detected.
)
("C:\Program Files\MiKTeX 2.8\tex\generic\oberdiek\ifvtex.sty"
Package: ifvtex 2008/11/04 v1.4 Switches for detecting VTeX and its modes (HO)
Package ifvtex Info: VTeX not detected.
)
("C:\Program Files\MiKTeX 2.8\tex\latex\ifxetex\ifxetex.sty"
Package: ifxetex 2009/01/23 v0.5 Provides ifxetex conditional
)
("C:\Program Files\MiKTeX 2.8\tex\latex\oberdiek\hycolor.sty"
Package: hycolor 2009/10/02 v1.5 Code for color options of hyperref/bookmark (H
O)

("C:\Program Files\MiKTeX 2.8\tex\latex\oberdiek\xcolor-patch.sty"
Package: xcolor-patch 2009/10/02 xcolor patch
))
\@linkdim=\dimen110
\Hy@linkcounter=\count103
\Hy@pagecounter=\count104

("C:\Program Files\MiKTeX 2.8\tex\latex\hyperref\pd1enc.def"
File: pd1enc.def 2009/10/19 v6.79b Hyperref: PDFDocEncoding definition (HO)
)
("C:\Program Files\MiKTeX 2.8\tex\generic\oberdiek\etexcmds.sty"
Package: etexcmds 2007/12/12 v1.2 Prefix for e-TeX command names (HO)

("C:\Program Files\MiKTeX 2.8\tex\generic\oberdiek\infwarerr.sty"
Package: infwarerr 2007/09/09 v1.2 Providing info/warning/message (HO)
)
Package etexcmds Info: Could not find \expanded.
(etexcmds)             That can mean that you are not using pdfTeX 1.50 or
(etexcmds)             that some package has redefined \expanded.
(etexcmds)             In the latter case, load this package earlier.
)
("C:\Program Files\MiKTeX 2.8\tex\latex\00miktex\hyperref.cfg"
File: hyperref.cfg 2002/06/06 v1.2 hyperref configuration of TeXLive
)
("C:\Program Files\MiKTeX 2.8\tex\latex\oberdiek\kvoptions.sty"
Package: kvoptions 2009/08/13 v3.4 Keyval support for LaTeX options (HO)

("C:\Program Files\MiKTeX 2.8\tex\generic\oberdiek\kvsetkeys.sty"
Package: kvsetkeys 2009/07/30 v1.5 Key value parser with default handler suppor
t (HO)
))
Package hyperref Info: Hyper figures OFF on input line 2975.
Package hyperref Info: Link nesting OFF on input line 2980.
Package hyperref Info: Hyper index ON on input line 2983.
Package hyperref Info: Plain pages OFF on input line 2990.
Package hyperref Info: Backreferencing OFF on input line 2995.

Implicit mode ON; LaTeX internals redefined
Package hyperref Info: Bookmarks ON on input line 3191.
("C:\Program Files\MiKTeX 2.8\tex\latex\ltxmisc\url.sty"
\Urlmuskip=\muskip10
Package: url 2006/04/12  ver 3.3  Verb mode for urls, etc.
)
LaTeX Info: Redefining \url on input line 3428.

("C:\Program Files\MiKTeX 2.8\tex\generic\oberdiek\bitset.sty"
Package: bitset 2007/09/28 v1.0 Data type bit set (HO)

("C:\Program Files\MiKTeX 2.8\tex\generic\oberdiek\intcalc.sty"
Package: intcalc 2007/09/27 v1.1 Expandable integer calculations (HO)
)
("C:\Program Files\MiKTeX 2.8\tex\generic\oberdiek\bigintcalc.sty"
Package: bigintcalc 2007/11/11 v1.1 Expandable big integer calculations (HO)

("C:\Program Files\MiKTeX 2.8\tex\generic\oberdiek\pdftexcmds.sty"
Package: pdftexcmds 2009/09/23 v0.6 LuaTeX support for pdfTeX utility functions
 (HO)

("C:\Program Files\MiKTeX 2.8\tex\generic\oberdiek\ifluatex.sty"
Package: ifluatex 2009/04/17 v1.2 Provides the ifluatex switch (HO)
Package ifluatex Info: LuaTeX not detected.
)
("C:\Program Files\MiKTeX 2.8\tex\generic\oberdiek\ltxcmds.sty"
Package: ltxcmds 2009/08/05 v1.0 Some LaTeX kernel commands for general use (HO
)
)
Package pdftexcmds Info: LuaTeX not detected.
Package pdftexcmds Info: \pdf@primitive is available.
Package pdftexcmds Info: \pdf@ifprimitive is available.
)))
\Fld@menulength=\count105
\Field@Width=\dimen111
\Fld@charsize=\dimen112
\Field@toks=\toks17
Package hyperref Info: Hyper figures OFF on input line 4377.
Package hyperref Info: Link nesting OFF on input line 4382.
Package hyperref Info: Hyper index ON on input line 4385.
Package hyperref Info: backreferencing OFF on input line 4392.
Package hyperref Info: Link coloring OFF on input line 4397.
Package hyperref Info: Link coloring with OCG OFF on input line 4402.
Package hyperref Info: PDF/A mode OFF on input line 4407.

("C:\Program Files\MiKTeX 2.8\tex\generic\oberdiek\atbegshi.sty"
Package: atbegshi 2008/07/31 v1.9 At begin shipout hook (HO)
)
\Hy@abspage=\count106
\c@Item=\count107
\c@Hfootnote=\count108
)
*hyperref using default driver hpdftex*
("C:\Program Files\MiKTeX 2.8\tex\latex\hyperref\hpdftex.def"
File: hpdftex.def 2009/10/19 v6.79b Hyperref driver for pdfTeX
\Fld@listcount=\count109
)
\c@exerciseno=\count110

\@input{customlangdef.aux}
(C:\overture\trunk\documentation\developmentDocs\customlangdef.tex)
(C:\overture\trunk\documentation\developmentDocs\lstlang1.sty
File: lstlang1 2003/08/13 1.1a listings language file
)
(C:\overture\trunk\documentation\developmentDocs\fancyhdr.sty
\fancy@headwidth=\skip47
\f@ncyO@elh=\skip48
\f@ncyO@erh=\skip49
\f@ncyO@olh=\skip50
\f@ncyO@orh=\skip51
\f@ncyO@elf=\skip52
\f@ncyO@erf=\skip53
\f@ncyO@olf=\skip54
\f@ncyO@orf=\skip55
)
(C:\overture\trunk\documentation\developmentDocs\developmentDocs.aux)
LaTeX Font Info:    Checking defaults for OML/cmm/m/it on input line 147.
LaTeX Font Info:    ... okay on input line 147.
LaTeX Font Info:    Checking defaults for T1/cmr/m/n on input line 147.
LaTeX Font Info:    ... okay on input line 147.
LaTeX Font Info:    Checking defaults for OT1/cmr/m/n on input line 147.
LaTeX Font Info:    ... okay on input line 147.
LaTeX Font Info:    Checking defaults for OMS/cmsy/m/n on input line 147.
LaTeX Font Info:    ... okay on input line 147.
LaTeX Font Info:    Checking defaults for OMX/cmex/m/n on input line 147.
LaTeX Font Info:    ... okay on input line 147.
LaTeX Font Info:    Checking defaults for U/cmr/m/n on input line 147.
LaTeX Font Info:    ... okay on input line 147.
LaTeX Font Info:    Checking defaults for PD1/pdf/m/n on input line 147.
LaTeX Font Info:    ... okay on input line 147.
LaTeX Font Info:    Try loading font information for OT1+ptm on input line 147.


("C:\Program Files\MiKTeX 2.8\tex\latex\psnfss\ot1ptm.fd"
File: ot1ptm.fd 2001/06/04 font definitions for OT1/ptm.
)
("C:\Program Files\MiKTeX 2.8\tex\context\base\supp-pdf.tex"
[Loading MPS to PDF converter (version 2006.09.02).]
\scratchcounter=\count111
\scratchdimen=\dimen113
\scratchbox=\box32
\nofMPsegments=\count112
\nofMParguments=\count113
\everyMPshowfont=\toks18
\MPscratchCnt=\count114
\MPscratchDim=\dimen114
\MPnumerator=\count115
\everyMPtoPDFconversion=\toks19
)
Package hyperref Info: Link coloring OFF on input line 147.
 ("C:\Program Files\MiKTeX 2.8\tex\latex\hyperref\nameref.sty"
Package: nameref 2007/05/29 v2.31 Cross-referencing by name of section

("C:\Program Files\MiKTeX 2.8\tex\latex\oberdiek\refcount.sty"
Package: refcount 2008/08/11 v3.1 Data extraction from references (HO)
)
\c@section@level=\count116
)
LaTeX Info: Redefining \ref on input line 147.
LaTeX Info: Redefining \pageref on input line 147.

(C:\overture\trunk\documentation\developmentDocs\developmentDocs.out)
(C:\overture\trunk\documentation\developmentDocs\developmentDocs.out)
\@outlinefile=\write3
\AtBeginShipoutBox=\box33
LaTeX Font Info:    Font shape `OT1/ptm/bx/n' in size <14.4> not available
(Font)              Font shape `OT1/ptm/b/n' tried instead on input line 161.
LaTeX Font Info:    External font `cmex10' loaded for size
(Font)              <14.4> on input line 161.
LaTeX Font Info:    External font `cmex10' loaded for size
(Font)              <7> on input line 161.
LaTeX Font Info:    Try loading font information for U+lasy on input line 161.

("C:\Program Files\MiKTeX 2.8\tex\latex\base\ulasy.fd"
File: ulasy.fd 1998/08/17 v2.2e LaTeX symbol font definitions
)
LaTeX Font Info:    External font `cmex10' loaded for size
(Font)              <12> on input line 161.
LaTeX Font Info:    External font `cmex10' loaded for size
(Font)              <8> on input line 161.
LaTeX Font Info:    External font `cmex10' loaded for size
(Font)              <6> on input line 161.

<OMLlogoattempt.jpg, id=19, 89.33376pt x 89.33376pt>
File: OMLlogoattempt.jpg Graphic file (type jpg)
 <use OMLlogoattempt.jpg>
[1




{C:/Documents and Settings/All Users/Application Data/MiKTeX/2.8/pdftex/config/
pdftex.map} <C:/overture/trunk/documentation/developmentDocs/OMLlogoattempt.jpg
>]
File: OMLlogoattempt.jpg Graphic file (type jpg)
 <use OMLlogoattempt.jpg>

Package Fancyhdr Warning: \headheight is too small (12.0pt): 
 Make it at least 27.83934pt.
 We now make it that large for the rest of the document.
 This may cause the page layout to be inconsistent, however.

[2

]
LaTeX Font Info:    Font shape `OT1/ptm/bx/n' in size <24.88> not available
(Font)              Font shape `OT1/ptm/b/n' tried instead on input line 161.
 (C:\overture\trunk\documentation\developmentDocs\developmentDocs.toc
LaTeX Font Info:    Font shape `OT1/ptm/bx/n' in size <12> not available
(Font)              Font shape `OT1/ptm/b/n' tried instead on input line 1.
)
\tf@toc=\write4

[3]
Chapter 1.

(C:\overture\trunk\documentation\developmentDocs\Implementation/Implementation.
tex [1

]
File: OMLlogoattempt.jpg Graphic file (type jpg)
 <use OMLlogoattempt.jpg> [2

]
Chapter 2.
(C:\overture\trunk\documentation\developmentDocs\Implementation/Launcher.tex
LaTeX Font Info:    Font shape `OT1/ptm/bx/n' in size <17.28> not available
(Font)              Font shape `OT1/ptm/b/n' tried instead on input line 1.
LaTeX Font Info:    External font `cmex10' loaded for size
(Font)              <5> on input line 2.
LaTeX Font Info:    Try loading font information for OT1+pcr on input line 2.

("C:\Program Files\MiKTeX 2.8\tex\latex\psnfss\ot1pcr.fd"
File: ot1pcr.fd 2001/06/04 font definitions for OT1/pcr.
)

LaTeX Warning: Citation `Szurszewski03' on page 3 undefined on input line 2.

[3])) (C:\overture\trunk\documentation\developmentDocs\developmentDocs.bbl
File: OMLlogoattempt.jpg Graphic file (type jpg)

<use OMLlogoattempt.jpg> [4]) [5

]
(C:\overture\trunk\documentation\developmentDocs\developmentDocs.aux)

LaTeX Warning: There were undefined references.


LaTeX Warning: Label(s) may have changed. Rerun to get cross-references right.

 ) 
Here is how much of TeX's memory you used:
 5938 strings out of 495285
 87678 string characters out of 3180345
 156678 words of memory out of 3000000
 9009 multiletter control sequences out of 15000+200000
 24595 words of font info for 56 fonts, out of 3000000 for 9000
 14 hyphenation exceptions out of 8191
 38i,16n,45p,644b,361s stack positions out of 5000i,500n,10000p,200000b,50000s
{C:/Program Files/MiKTeX 2.8/fonts/enc/dvips/fontname/8r.enc}<C:/Program File
s/MiKTeX 2.8/fonts/type1/public/amsfonts/cm/cmr7.pfb><C:/Program Files/MiKTeX 2
.8/fonts/type1/urw/courier/ucrr8a.pfb><C:/Program Files/MiKTeX 2.8/fonts/type1/
urw/times/utmb8a.pfb><C:/Program Files/MiKTeX 2.8/fonts/type1/urw/times/utmr8a.
pfb><C:/Program Files/MiKTeX 2.8/fonts/type1/urw/times/utmri8a.pfb>
Output written on developmentDocs.pdf (8 pages, 76516 bytes).
PDF statistics:
 94 PDF objects out of 1000 (max. 8388607)
 17 named destinations out of 1000 (max. 500000)
 38 words of extra memory for PDF output out of 10000 (max. 10000000)

